{"uid":"3f6ff0ae12a28304","name":"Add product to cart","fullName":"Shopping cart: Add product to cart","historyId":"73e48e676d5ae4ae8baa30f53721fd20","time":{"start":1759382539035,"stop":1759382572132,"duration":33097},"status":"broken","statusMessage":"selenium.common.exceptions.TimeoutException: Message: \nStacktrace:\n#0 0x56022735afba <unknown>\n#1 0x560226ddf6d0 <unknown>\n#2 0x560226e312aa <unknown>\n#3 0x560226e31541 <unknown>\n#4 0x560226e7f6c4 <unknown>\n#5 0x560226e56e5d <unknown>\n#6 0x560226e7cb54 <unknown>\n#7 0x560226e56c03 <unknown>\n#8 0x560226e237a8 <unknown>\n#9 0x560226e24421 <unknown>\n#10 0x56022731fb28 <unknown>\n#11 0x56022732387f <unknown>\n#12 0x560227307c49 <unknown>\n#13 0x560227324405 <unknown>\n#14 0x5602272ed4ff <unknown>\n#15 0x560227348258 <unknown>\n#16 0x560227348432 <unknown>\n#17 0x560227359fa3 <unknown>\n#18 0x7f6c4c49caa4 <unknown>\n#19 0x7f6c4c529c6c <unknown>\n\n","statusTrace":"  File \"/opt/hostedtoolcache/Python/3.11.13/x64/lib/python3.11/site-packages/behave/model.py\", line 1991, in run\n    match.run(runner.context)\n  File \"/opt/hostedtoolcache/Python/3.11.13/x64/lib/python3.11/site-packages/behave/matchers.py\", line 105, in run\n    self.func(context, *args, **kwargs)\n  File \"features/steps/cart_steps.py\", line 22, in step_verify_cart\n    count = context.inventory.get_cart_count()\n            ^^^^^^^^^^^^^^^^^^^^^^^^^^^^^^^^^^\n  File \"/home/runner/work/QA-Automation-Framework/QA-Automation-Framework/src/pages/sauce_inventory_page.py\", line 28, in get_cart_count\n    element = wait.until(EC.presence_of_element_located(self.cart_badge))\n              ^^^^^^^^^^^^^^^^^^^^^^^^^^^^^^^^^^^^^^^^^^^^^^^^^^^^^^^^^^^\n  File \"/opt/hostedtoolcache/Python/3.11.13/x64/lib/python3.11/site-packages/selenium/webdriver/support/wait.py\", line 138, in until\n    raise TimeoutException(message, screen, stacktrace)\n","flaky":false,"newFailed":false,"newBroken":false,"newPassed":false,"retriesCount":0,"retriesStatusChange":false,"beforeStages":[],"testStage":{"status":"broken","statusMessage":"selenium.common.exceptions.TimeoutException: Message: \nStacktrace:\n#0 0x56022735afba <unknown>\n#1 0x560226ddf6d0 <unknown>\n#2 0x560226e312aa <unknown>\n#3 0x560226e31541 <unknown>\n#4 0x560226e7f6c4 <unknown>\n#5 0x560226e56e5d <unknown>\n#6 0x560226e7cb54 <unknown>\n#7 0x560226e56c03 <unknown>\n#8 0x560226e237a8 <unknown>\n#9 0x560226e24421 <unknown>\n#10 0x56022731fb28 <unknown>\n#11 0x56022732387f <unknown>\n#12 0x560227307c49 <unknown>\n#13 0x560227324405 <unknown>\n#14 0x5602272ed4ff <unknown>\n#15 0x560227348258 <unknown>\n#16 0x560227348432 <unknown>\n#17 0x560227359fa3 <unknown>\n#18 0x7f6c4c49caa4 <unknown>\n#19 0x7f6c4c529c6c <unknown>\n\n","statusTrace":"  File \"/opt/hostedtoolcache/Python/3.11.13/x64/lib/python3.11/site-packages/behave/model.py\", line 1991, in run\n    match.run(runner.context)\n  File \"/opt/hostedtoolcache/Python/3.11.13/x64/lib/python3.11/site-packages/behave/matchers.py\", line 105, in run\n    self.func(context, *args, **kwargs)\n  File \"features/steps/cart_steps.py\", line 22, in step_verify_cart\n    count = context.inventory.get_cart_count()\n            ^^^^^^^^^^^^^^^^^^^^^^^^^^^^^^^^^^\n  File \"/home/runner/work/QA-Automation-Framework/QA-Automation-Framework/src/pages/sauce_inventory_page.py\", line 28, in get_cart_count\n    element = wait.until(EC.presence_of_element_located(self.cart_badge))\n              ^^^^^^^^^^^^^^^^^^^^^^^^^^^^^^^^^^^^^^^^^^^^^^^^^^^^^^^^^^^\n  File \"/opt/hostedtoolcache/Python/3.11.13/x64/lib/python3.11/site-packages/selenium/webdriver/support/wait.py\", line 138, in until\n    raise TimeoutException(message, screen, stacktrace)\n","steps":[{"name":"Given I am logged in as \"standard_user\" with password \"secret_sauce\"","time":{"start":1759382539036,"stop":1759382542017,"duration":2981},"status":"passed","steps":[],"attachments":[],"parameters":[],"shouldDisplayMessage":false,"stepsCount":0,"attachmentsCount":0,"hasContent":false,"attachmentStep":false},{"name":"When I add the first product to the cart","time":{"start":1759382542017,"stop":1759382542075,"duration":58},"status":"passed","steps":[],"attachments":[],"parameters":[],"shouldDisplayMessage":false,"stepsCount":0,"attachmentsCount":0,"hasContent":false,"attachmentStep":false},{"name":"Then the cart badge should show \"1\"","time":{"start":1759382542075,"stop":1759382572131,"duration":30056},"status":"broken","statusMessage":"selenium.common.exceptions.TimeoutException: Message: \nStacktrace:\n#0 0x56022735afba <unknown>\n#1 0x560226ddf6d0 <unknown>\n#2 0x560226e312aa <unknown>\n#3 0x560226e31541 <unknown>\n#4 0x560226e7f6c4 <unknown>\n#5 0x560226e56e5d <unknown>\n#6 0x560226e7cb54 <unknown>\n#7 0x560226e56c03 <unknown>\n#8 0x560226e237a8 <unknown>\n#9 0x560226e24421 <unknown>\n#10 0x56022731fb28 <unknown>\n#11 0x56022732387f <unknown>\n#12 0x560227307c49 <unknown>\n#13 0x560227324405 <unknown>\n#14 0x5602272ed4ff <unknown>\n#15 0x560227348258 <unknown>\n#16 0x560227348432 <unknown>\n#17 0x560227359fa3 <unknown>\n#18 0x7f6c4c49caa4 <unknown>\n#19 0x7f6c4c529c6c <unknown>\n\n","statusTrace":"  File \"/opt/hostedtoolcache/Python/3.11.13/x64/lib/python3.11/site-packages/behave/model.py\", line 1991, in run\n    match.run(runner.context)\n  File \"/opt/hostedtoolcache/Python/3.11.13/x64/lib/python3.11/site-packages/behave/matchers.py\", line 105, in run\n    self.func(context, *args, **kwargs)\n  File \"features/steps/cart_steps.py\", line 22, in step_verify_cart\n    count = context.inventory.get_cart_count()\n            ^^^^^^^^^^^^^^^^^^^^^^^^^^^^^^^^^^\n  File \"/home/runner/work/QA-Automation-Framework/QA-Automation-Framework/src/pages/sauce_inventory_page.py\", line 28, in get_cart_count\n    element = wait.until(EC.presence_of_element_located(self.cart_badge))\n              ^^^^^^^^^^^^^^^^^^^^^^^^^^^^^^^^^^^^^^^^^^^^^^^^^^^^^^^^^^^\n  File \"/opt/hostedtoolcache/Python/3.11.13/x64/lib/python3.11/site-packages/selenium/webdriver/support/wait.py\", line 138, in until\n    raise TimeoutException(message, screen, stacktrace)\n","steps":[],"attachments":[],"parameters":[],"shouldDisplayMessage":true,"stepsCount":0,"attachmentsCount":0,"hasContent":true,"attachmentStep":false}],"attachments":[],"parameters":[],"shouldDisplayMessage":false,"stepsCount":3,"attachmentsCount":0,"hasContent":true,"attachmentStep":false},"afterStages":[],"labels":[{"name":"severity","value":"normal"},{"name":"feature","value":"Shopping cart"},{"name":"framework","value":"behave"},{"name":"language","value":"cpython3"},{"name":"resultFormat","value":"allure2"}],"parameters":[],"links":[],"hidden":false,"retry":false,"extra":{"severity":"normal","retries":[],"categories":[{"name":"Test defects","matchedStatuses":[]}],"tags":[]},"source":"3f6ff0ae12a28304.json","parameterValues":[]}